Arguments: 
  /usr/local/Cellar/node/10.7.0/bin/node /usr/local/Cellar/yarn/1.9.2/libexec/bin/yarn.js init

PATH: 
  /usr/local/Cellar/nodenv/1.1.2/libexec:/Users/takeoyamaji/.nodenv/shims:/Users/takeoyamaji/.nodenv/bin:/Users/takeoyamaji/.nodebrew/current/bin:/Users/takeoyamaji/.pyenv/bin:/usr/local/opt/libiconv/bin:/usr/local/opt/libxslt/bin:/usr/local/opt/libxml2/bin:/Users/takeoyamaji/.nodebrew/current/bin:/Users/takeoyamaji/.rbenv/shims:/Users/takeoyamaji/bin:/opt/local/bin:/opt/local/sbin:/Users/takeo_yamaji/ec2/RDSCli-1.4.007/bin:/Users/takeo_yamaji/ec2/IAMCli-1.3.0/bin:/Users/takeo_yamaji/ec2/ElasticLoadBalancing-1.0.15.1/bin:/Users/takeo_yamaji/ec2/AutoScaling-1.0.39.0/bin:/System/Library/Frameworks/JavaVM.framework/Versions/1.6.0/Home/bin:/Users/takeo_yamaji/src/sandbox/festival/festival/bin:/Users/takeo_yamaji/src/sandbox/festival/speech_tools/bin:/Users/takeoyamaji/.rbenv/shims:/usr/local/bin:/usr/bin:/bin:/usr/sbin:/sbin

Yarn version: 
  1.9.2

Node version: 
  10.7.0

Platform: 
  darwin x64

Trace: 
  Error: canceled
      at Interface.<anonymous> (/usr/local/Cellar/yarn/1.9.2/libexec/lib/cli.js:125950:13)
      at Interface.emit (events.js:182:13)
      at Interface._ttyWrite (readline.js:783:16)
      at ReadStream.onkeypress (readline.js:168:10)
      at ReadStream.emit (events.js:182:13)
      at emitKeys (internal/readline.js:422:14)
      at emitKeys.next (<anonymous>)
      at ReadStream.onData (readline.js:1022:36)
      at ReadStream.emit (events.js:182:13)
      at addChunk (_stream_readable.js:283:12)

npm manifest: 
  No manifest

yarn manifest: 
  No manifest

Lockfile: 
  No lockfile
